<?xml version="1.0" encoding="UTF-8"?>
<!-- Generated by org.testng.reporters.JUnitReportReporter -->
<testsuite hostname="LAPTOP-5RLJ5LQ0" failures="0" tests="3" name="rahulshettyacademy.tests.SubmitOrderTest" time="81.725" errors="0" timestamp="2023-05-24T02:18:00 IST" skipped="0">
  <testcase classname="rahulshettyacademy.tests.SubmitOrderTest" name="OrderHistoryTest" time="55.460"/>
  <system-out/>
  <testcase classname="rahulshettyacademy.tests.SubmitOrderTest" name="submitOrder" time="15.877"/>
  <system-out/>
  <testcase classname="rahulshettyacademy.tests.SubmitOrderTest" name="submitOrder" time="10.388"/>
  <system-out/>
</testsuite> <!-- rahulshettyacademy.tests.SubmitOrderTest -->
