<?xml version="1.0" encoding="UTF-8"?>
<!-- Generated by org.testng.reporters.JUnitReportReporter -->
<testsuite hostname="LAPTOP-5RLJ5LQ0" failures="0" tests="2" name="rahulshettyacademy.tests.ErrorValidationsTest" time="71.583" errors="0" timestamp="2023-05-24T02:18:00 IST" skipped="0">
  <testcase classname="rahulshettyacademy.tests.ErrorValidationsTest" name="ProductErrorValidation" time="59.185"/>
  <system-out/>
  <testcase classname="rahulshettyacademy.tests.ErrorValidationsTest" name="LoginErrorValidation" time="12.398"/>
  <system-out/>
</testsuite> <!-- rahulshettyacademy.tests.ErrorValidationsTest -->
